-------------------------------------------------------------------------------
Test set: Tests.StudentDirectoryTest
-------------------------------------------------------------------------------
Tests run: 1, Failures: 1, Errors: 0, Skipped: 0, Time elapsed: 8.886 s <<< FAILURE! - in Tests.StudentDirectoryTest
deleteUserIsNotVisibleInListOfStudent  Time elapsed: 8.885 s  <<< FAILURE!
com.codeborne.selenide.ex.ElementNotFound: 
Element not found {By.xpath: //div[@class='MuiBox-root css-4tv0ih']}
Expected: visible
Screenshot: file:/C:/Users/anyut/IdeaProjects/NoCode/build/reports/tests/1687210001113.9.png
Page source: file:/C:/Users/anyut/IdeaProjects/NoCode/build/reports/tests/1687210001113.9.html
Timeout: 4 s.
Caused by: NoSuchElementException: no such element: Unable to locate element: {"method":"xpath","selector":"//div[@class='MuiBox-root css-4tv0ih']"}
	at Tests.StudentDirectoryTest.deleteUserIsNotVisibleInListOfStudent(StudentDirectoryTest.java:16)
Caused by: org.openqa.selenium.NoSuchElementException: 
no such element: Unable to locate element: {"method":"xpath","selector":"//div[@class='MuiBox-root css-4tv0ih']"}
  (Session info: chrome=114.0.5735.134)
For documentation on this error, please visit: https://selenium.dev/exceptions/#no_such_element
Build info: version: '4.8.0', revision: '267030adea'
System info: os.name: 'Windows 11', os.arch: 'amd64', os.version: '10.0', java.version: '17.0.6'
Driver info: org.openqa.selenium.chrome.ChromeDriver
Command: [3c2cfb32df7e25daeb8f10cf0feb320e, findElement {using=xpath, value=//div[@class='MuiBox-root css-4tv0ih']}]
Capabilities {acceptInsecureCerts: true, browserName: chrome, browserVersion: 114.0.5735.134, chrome: {chromedriverVersion: 114.0.5735.90 (386bc09e8f4f..., userDataDir: C:\Users\anyut\AppData\Loca...}, goog:chromeOptions: {debuggerAddress: localhost:62490}, networkConnectionEnabled: false, pageLoadStrategy: normal, platformName: WINDOWS, proxy: Proxy(), se:cdp: ws://localhost:62490/devtoo..., se:cdpVersion: 114.0.5735.134, setWindowRect: true, strictFileInteractability: false, timeouts: {implicit: 0, pageLoad: 300000, script: 30000}, unhandledPromptBehavior: accept, webauthn:extension:credBlob: true, webauthn:extension:largeBlob: true, webauthn:extension:minPinLength: true, webauthn:extension:prf: true, webauthn:virtualAuthenticators: true}
Session ID: 3c2cfb32df7e25daeb8f10cf0feb320e
	at Tests.StudentDirectoryTest.deleteUserIsNotVisibleInListOfStudent(StudentDirectoryTest.java:16)

