-------------------------------------------------------------------------------
Test set: Tests.ApiDeleteUserTest
-------------------------------------------------------------------------------
Tests run: 2, Failures: 1, Errors: 0, Skipped: 0, Time elapsed: 5.336 s <<< FAILURE! - in Tests.ApiDeleteUserTest
deleteUserTeacher  Time elapsed: 0.375 s  <<< FAILURE!
java.lang.AssertionError: 
1 expectation failed.
Expected status code <200> but was <500>.

	at Tests.ApiDeleteUserTest.deleteUserTeacher(ApiDeleteUserTest.java:32)

