<?xml version="1.0" encoding="UTF-8"?>
<testsuite xmlns:xsi="http://www.w3.org/2001/XMLSchema-instance" xsi:noNamespaceSchemaLocation="https://maven.apache.org/surefire/maven-surefire-plugin/xsd/surefire-test-report.xsd" name="Tests.ApiDeleteUserTest" time="5.336" tests="2" errors="0" skipped="0" failures="1">
  <properties>
[...]
</properties>
  <testcase name="deleteUserStudent" classname="Tests.ApiDeleteUserTest" time="4.949"/>
  <testcase name="deleteUserTeacher" classname="Tests.ApiDeleteUserTest" time="0.375">
    <failure message="1 expectation failed.&#10;Expected status code &lt;200&gt; but was &lt;500&gt;.&#10;" type="java.lang.AssertionError"><![CDATA[java.lang.AssertionError: 
1 expectation failed.
Expected status code <200> but was <500>.

	at Tests.ApiDeleteUserTest.deleteUserTeacher(ApiDeleteUserTest.java:32)
]]></failure>
    <system-out><![CDATA[Request method:	DELETE
Request URI:	https://studio-api.softr.io/v1/api/usersaleksShow2121%40gmail.com
Proxy:			<none>
Request params:	<none>
Query params:	<none>
Form params:	<none>
Path params:	<none>
Headers:		Softr-Api-Key=khIbAyJIU5CIuh1oDuBRx1s49
				Softr-Domain=jere237.softr.app
				Accept=*/*
				Content-Type=application/json
Cookies:		<none>
Multiparts:		<none>
Body:			<none>
HTTP/1.1 500 Server Error
Date: Mon, 19 Jun 2023 21:23:21 GMT
Content-Type: application/json
Transfer-Encoding: chunked
Connection: keep-alive
X-Content-Type-Options: nosniff
X-XSS-Protection: 1; mode=block
Pragma: no-cache
X-Frame-Options: DENY
Cache-Control: must-revalidate,no-cache,no-store
Content-Disposition: inline;filename=f.txt
Server: my-server

{
    "timestamp": "2023-06-19T21:23:21.697+00:00",
    "status": 500,
    "error": "Internal Server Error",
    "path": "/v1/api/usersaleksShow2121%40gmail.com"
}
]]></system-out>
  </testcase>
</testsuite>